<?xml version="1.0" encoding="UTF-8"?>
<!-- Generated by org.testng.reporters.JUnitXMLReporter -->
<testsuite ignored="0" hostname="DESKTOP-S5MMF0I" failures="1" tests="1" name="Command line test" time="16.421" errors="0" timestamp="2023-02-15T18:03:49 IST">
  <testcase classname="com.kotak.testCases.KotakHomePageTest" name="TC01_ExplorePoduct" time="10.037">
    <failure type="java.lang.NullPointerException">
      <![CDATA[java.lang.NullPointerException
at com.kotak.testCases.KotakHomePageTest.TC01_ExplorePoduct(KotakHomePageTest.java:39)
at java.base/java.util.ArrayList.forEach(ArrayList.java:1541)
... Removed 37 stack frames]]>
    </failure>
  </testcase> <!-- TC01_ExplorePoduct -->
</testsuite> <!-- Command line test -->
