-------------------------------------------------------------------------------
Test set: TestSuite
-------------------------------------------------------------------------------
Tests run: 1, Failures: 1, Errors: 0, Skipped: 0, Time elapsed: 20.512 sec <<< FAILURE!
TC01_ExplorePoduct(com.kotak.testCases.KotakHomePageTest)  Time elapsed: 10.045 sec  <<< FAILURE!
java.lang.NullPointerException
	at com.kotak.testCases.KotakHomePageTest.TC01_ExplorePoduct(KotakHomePageTest.java:39)

